Arguments: 
  /data/data/com.termux/files/usr/bin/node /data/data/com.termux/files/usr/share/yarn/bin/yarn.js add express

PATH: 
  /data/data/com.termux/files/usr/bin:/data/data/com.termux/files/usr/bin/applets

Yarn version: 
  1.22.18

Node version: 
  17.9.0

Platform: 
  android arm64

Trace: 
  Error: EPERM: operation not permitted, symlink '../../../mime/cli.js' -> '/storage/emulated/0/Android/data/io.spck/files/blood-server/node_modules/send/node_modules/.bin/mime'

npm manifest: 
  {
    "name": "blood-server",
    "version": "1.0.0",
    "description": "",
    "main": "index.js",
    "scripts": {
      "test": "echo \"Error: no test specified\" && exit 1"
    },
    "keywords": [],
    "author": "",
    "license": "ISC"
  }

yarn manifest: 
  No manifest

Lockfile: 
  No lockfile
